Warning: 'iso_file' is deprecated and will be removed in a future release, define the boot iso options in a 'boot_iso' block

  on <sensitive>/proxmox-gpu/gpu-k8s.pkr.hcl line 142:
  (source code not available)


[1;32mproxmox-iso.gpu-k8s: output will be in this color.[0m

[1;32m==> proxmox-iso.gpu-k8s: Creating VM[0m
[1;32m==> proxmox-iso.gpu-k8s: Starting VM[0m
[1;32m==> proxmox-iso.gpu-k8s: Starting HTTP server on port 8625[0m
[1;32m==> proxmox-iso.gpu-k8s: Waiting 5s for boot[0m
[1;32m==> proxmox-iso.gpu-k8s: Typing the boot command[0m
[1;32m==> proxmox-iso.gpu-k8s: Waiting for SSH to become available...[0m
[1;32m==> proxmox-iso.gpu-k8s: Connected to SSH![0m
[1;32m==> proxmox-iso.gpu-k8s: Uploading <sensitive>/proxmox-gpu//../scripts/provision-k8s-node.sh => /tmp/provision-k8s-node.sh[0m
[0;32m    proxmox-iso.gpu-k8s: provision-k8s-node.sh[0m 11.73 KiB / 11.73 KiB  100.00% 0s
[1A[0;32m    proxmox-iso.gpu-k8s: provision-k8s-node.sh[0m 11.73 KiB / 11.73 KiB  100.00% 0s
[1;32m==> proxmox-iso.gpu-k8s: Provisioning with shell script: /var/folders/sn/bk_y719j3r37w7pjcdcrw4rm0000gn/T/<sensitive>-shell2040150133[0m
[1;31m==> proxmox-iso.gpu-k8s: sudo: Authentication failed, try again.[0m
[1;31m==> proxmox-iso.gpu-k8s: sudo: Authentication failed, try again.[0m
[1;31m==> proxmox-iso.gpu-k8s: sudo-rs: Maximum 3 incorrect authentication attempts[0m
[1;32m==> proxmox-iso.gpu-k8s: Provisioning step had errors: Running the cleanup provisioner, if present...[0m
[1;32m==> proxmox-iso.gpu-k8s: Stopping VM[0m
[1;32m==> proxmox-iso.gpu-k8s: Deleting VM[0m
[1;31mBuild 'proxmox-iso.gpu-k8s' errored after 8 minutes 285 milliseconds: Script exited with non-zero exit status: 1. Allowed exit codes are: [0][0m

==> Wait completed after 8 minutes 285 milliseconds

==> Some builds didn't complete successfully and had errors:
--> proxmox-iso.gpu-k8s: Script exited with non-zero exit status: 1. Allowed exit codes are: [0]

==> Builds finished but no artifacts were created.
