2026/02/18 17:03:25 [INFO] Packer version: 1.15.0 [go1.24.12 darwin arm64]
2026/02/18 17:03:25 [INFO] PACKER_CONFIG env var not set; checking the default config file path
2026/02/18 17:03:25 [INFO] PACKER_CONFIG env var set; attempting to open config file: /Users/james/.packerconfig
2026/02/18 17:03:25 [WARN] Config file doesn't exist: /Users/james/.packerconfig
2026/02/18 17:03:25 [INFO] Setting cache directory: /Users/james/.cache/packer
2026/02/18 17:03:25 [TRACE] listing potential installations for "github.com/hashicorp/proxmox" that match ">= 1.2.0". plugingetter.ListInstallationsOptions{PluginDirectory:"/Users/james/.config/packer/plugins", BinaryInstallationOptions:plugingetter.BinaryInstallationOptions{APIVersionMajor:"5", APIVersionMinor:"0", OS:"darwin", ARCH:"arm64", Ext:"", Checksummers:[]plugingetter.Checksummer{plugingetter.Checksummer{Type:"sha256", Hash:(*sha256.Digest)(0x1400098e100)}}, ReleasesOnly:false}}
2026/02/18 17:03:25 [TRACE] Found the following "github.com/hashicorp/proxmox" installations: [{/Users/james/.config/packer/plugins/github.com/hashicorp/proxmox/packer-plugin-proxmox_v1.2.3_x5.0_darwin_arm64 v1.2.3 x5.0}]
2026/02/18 17:03:25 [INFO] found external [-packer-default-plugin-name- clone iso] builders from proxmox plugin
2026/02/18 17:03:25 [TRACE] listing potential installations for <nil> that match "". plugingetter.ListInstallationsOptions{PluginDirectory:"/Users/james/.config/packer/plugins", BinaryInstallationOptions:plugingetter.BinaryInstallationOptions{APIVersionMajor:"5", APIVersionMinor:"0", OS:"darwin", ARCH:"arm64", Ext:"", Checksummers:[]plugingetter.Checksummer{plugingetter.Checksummer{Type:"sha256", Hash:(*sha256.Digest)(0x1400098e480)}}, ReleasesOnly:false}}
2026/02/18 17:03:25 [INFO] found external [-packer-default-plugin-name- clone iso] builders from proxmox plugin
2026/02/18 17:03:25 [TRACE] validateValue: not active for ubuntu_iso_file, so skipping
2026/02/18 17:03:25 [TRACE] validateValue: not active for proxmox_api_token_id, so skipping
2026/02/18 17:03:25 [TRACE] validateValue: not active for proxmox_disk_storage, so skipping
2026/02/18 17:03:25 [TRACE] validateValue: not active for template_name, so skipping
2026/02/18 17:03:25 [TRACE] validateValue: not active for ssh_password, so skipping
2026/02/18 17:03:25 [TRACE] validateValue: not active for vm_disk_size, so skipping
2026/02/18 17:03:25 [TRACE] validateValue: not active for proxmox_api_url, so skipping
2026/02/18 17:03:25 [TRACE] validateValue: not active for proxmox_api_token_secret, so skipping
2026/02/18 17:03:25 [TRACE] validateValue: not active for proxmox_iso_storage, so skipping
2026/02/18 17:03:25 [TRACE] validateValue: not active for vm_id, so skipping
2026/02/18 17:03:25 [TRACE] validateValue: not active for template_description, so skipping
2026/02/18 17:03:25 [TRACE] validateValue: not active for ssh_username, so skipping
2026/02/18 17:03:25 [TRACE] validateValue: not active for vm_cores, so skipping
2026/02/18 17:03:25 [TRACE] validateValue: not active for vm_memory, so skipping
2026/02/18 17:03:25 [TRACE] validateValue: not active for network_bridge, so skipping
2026/02/18 17:03:25 [TRACE] validateValue: not active for proxmox_node, so skipping
2026/02/18 17:03:25 [TRACE] Using protobuf for communication with plugins
2026/02/18 17:03:25 [INFO] Starting external plugin /Users/james/.config/<sensitive>/plugins/github.com/hashicorp/proxmox/<sensitive>-plugin-proxmox_v1.2.3_x5.0_darwin_arm64 start builder --protobuf iso
2026/02/18 17:03:25 Starting plugin: /Users/james/.config/<sensitive>/plugins/github.com/hashicorp/proxmox/<sensitive>-plugin-proxmox_v1.2.3_x5.0_darwin_arm64 []string{"/Users/james/.config/<sensitive>/plugins/github.com/hashicorp/proxmox/<sensitive>-plugin-proxmox_v1.2.3_x5.0_darwin_arm64", "start", "builder", "--protobuf", "iso"}
2026/02/18 17:03:25 Waiting for RPC address for: /Users/james/.config/<sensitive>/plugins/github.com/hashicorp/proxmox/<sensitive>-plugin-proxmox_v1.2.3_x5.0_darwin_arm64
2026/02/18 17:03:25 <sensitive>-plugin-proxmox_v1.2.3_x5.0_darwin_arm64 plugin: 2026/02/18 17:03:25 Plugin address: unix /var/folders/sn/bk_y719j3r37w7pjcdcrw4rm0000gn/T/<sensitive>-plugin3966369086
2026/02/18 17:03:25 <sensitive>-plugin-proxmox_v1.2.3_x5.0_darwin_arm64 plugin: 2026/02/18 17:03:25 Waiting for connection...
2026/02/18 17:03:25 Received unix RPC address for /Users/james/.config/<sensitive>/plugins/github.com/hashicorp/proxmox/<sensitive>-plugin-proxmox_v1.2.3_x5.0_darwin_arm64: addr is /var/folders/sn/bk_y719j3r37w7pjcdcrw4rm0000gn/T/<sensitive>-plugin3966369086
2026/02/18 17:03:25 <sensitive>-plugin-proxmox_v1.2.3_x5.0_darwin_arm64 plugin: 2026/02/18 17:03:25 Serving a plugin connection...
2026/02/18 17:03:25 <sensitive>-plugin-proxmox_v1.2.3_x5.0_darwin_arm64 plugin: 2026/02/18 17:03:25 [TRACE] starting builder iso
2026/02/18 17:03:25 <sensitive>-plugin-proxmox_v1.2.3_x5.0_darwin_arm64 plugin: 2026/02/18 17:03:25 [DEBUG] - common: sending ConfigSpec as protobuf
2026/02/18 17:03:25 [DEBUG] - common: receiving ConfigSpec as protobuf
2026/02/18 17:03:25 <sensitive>-plugin-proxmox_v1.2.3_x5.0_darwin_arm64 plugin: 2026/02/18 17:03:25 Number of sockets 0 is too small, using default: 1
2026/02/18 17:03:25 <sensitive>-plugin-proxmox_v1.2.3_x5.0_darwin_arm64 plugin: 2026/02/18 17:03:25 Disk 0 format not set, using default 'raw'
2026/02/18 17:03:25 <sensitive>-plugin-proxmox_v1.2.3_x5.0_darwin_arm64 plugin: 2026/02/18 17:03:25 Disk 0 cache mode not set, using default 'none'
2026/02/18 17:03:25 <sensitive>-plugin-proxmox_v1.2.3_x5.0_darwin_arm64 plugin: 2026/02/18 17:03:25 Cloud-Init disk type not set, using default 'ide'
2026/02/18 17:03:25 <sensitive>-plugin-proxmox_v1.2.3_x5.0_darwin_arm64 plugin: 2026/02/18 17:03:25 boot_iso device type not set, using default type 'ide' and index '2'
2026/02/18 17:03:25 <sensitive>-plugin-proxmox_v1.2.3_x5.0_darwin_arm64 plugin: 2026/02/18 17:03:25 [DEBUG] - common: sending ConfigSpec as protobuf
2026/02/18 17:03:25 [DEBUG] - common: receiving ConfigSpec as protobuf
2026/02/18 17:03:25 [INFO] Starting external plugin /opt/homebrew/bin/<sensitive> execute --protobuf <sensitive>-provisioner-file
2026/02/18 17:03:25 Starting plugin: /opt/homebrew/bin/<sensitive> []string{"/opt/homebrew/bin/<sensitive>", "execute", "--protobuf", "<sensitive>-provisioner-file"}
2026/02/18 17:03:25 Waiting for RPC address for: /opt/homebrew/bin/<sensitive>
2026/02/18 17:03:25 <sensitive>-provisioner-file plugin: [INFO] Packer version: 1.15.0 [go1.24.12 darwin arm64]
2026/02/18 17:03:25 <sensitive>-provisioner-file plugin: [INFO] PACKER_CONFIG env var not set; checking the default config file path
2026/02/18 17:03:25 <sensitive>-provisioner-file plugin: [INFO] PACKER_CONFIG env var set; attempting to open config file: /Users/james/.<sensitive>config
2026/02/18 17:03:25 <sensitive>-provisioner-file plugin: [WARN] Config file doesn't exist: /Users/james/.<sensitive>config
2026/02/18 17:03:25 <sensitive>-provisioner-file plugin: [INFO] Setting cache directory: /Users/james/.cache/<sensitive>
2026/02/18 17:03:25 <sensitive>-provisioner-file plugin: Plugin address: unix /var/folders/sn/bk_y719j3r37w7pjcdcrw4rm0000gn/T/<sensitive>-plugin3272583837
2026/02/18 17:03:25 <sensitive>-provisioner-file plugin: Waiting for connection...
2026/02/18 17:03:25 Received unix RPC address for /opt/homebrew/bin/<sensitive>: addr is /var/folders/sn/bk_y719j3r37w7pjcdcrw4rm0000gn/T/<sensitive>-plugin3272583837
2026/02/18 17:03:25 <sensitive>-provisioner-file plugin: Serving a plugin connection...
2026/02/18 17:03:25 <sensitive>-provisioner-file plugin: [DEBUG] - common: sending ConfigSpec as protobuf
2026/02/18 17:03:25 [DEBUG] - common: receiving ConfigSpec as protobuf
2026/02/18 17:03:25 <sensitive>-provisioner-file plugin: [DEBUG] - common: sending ConfigSpec as protobuf
2026/02/18 17:03:25 [DEBUG] - common: receiving ConfigSpec as protobuf
2026/02/18 17:03:25 [INFO] Starting external plugin /opt/homebrew/bin/<sensitive> execute --protobuf <sensitive>-provisioner-shell
2026/02/18 17:03:25 Starting plugin: /opt/homebrew/bin/<sensitive> []string{"/opt/homebrew/bin/<sensitive>", "execute", "--protobuf", "<sensitive>-provisioner-shell"}
2026/02/18 17:03:25 Waiting for RPC address for: /opt/homebrew/bin/<sensitive>
2026/02/18 17:03:25 <sensitive>-provisioner-shell plugin: [INFO] Packer version: 1.15.0 [go1.24.12 darwin arm64]
2026/02/18 17:03:25 <sensitive>-provisioner-shell plugin: [INFO] PACKER_CONFIG env var not set; checking the default config file path
2026/02/18 17:03:25 <sensitive>-provisioner-shell plugin: [INFO] PACKER_CONFIG env var set; attempting to open config file: /Users/james/.<sensitive>config
2026/02/18 17:03:25 <sensitive>-provisioner-shell plugin: [WARN] Config file doesn't exist: /Users/james/.<sensitive>config
2026/02/18 17:03:25 <sensitive>-provisioner-shell plugin: [INFO] Setting cache directory: /Users/james/.cache/<sensitive>
2026/02/18 17:03:25 <sensitive>-provisioner-shell plugin: Plugin address: unix /var/folders/sn/bk_y719j3r37w7pjcdcrw4rm0000gn/T/<sensitive>-plugin3690883659
2026/02/18 17:03:25 Received unix RPC address for /opt/homebrew/bin/<sensitive>: addr is /var/folders/sn/bk_y719j3r37w7pjcdcrw4rm0000gn/T/<sensitive>-plugin3690883659
2026/02/18 17:03:25 <sensitive>-provisioner-shell plugin: Waiting for connection...
2026/02/18 17:03:25 <sensitive>-provisioner-shell plugin: Serving a plugin connection...
2026/02/18 17:03:25 <sensitive>-provisioner-shell plugin: [DEBUG] - common: sending ConfigSpec as protobuf
2026/02/18 17:03:25 [DEBUG] - common: receiving ConfigSpec as protobuf
2026/02/18 17:03:25 <sensitive>-provisioner-shell plugin: [DEBUG] - common: sending ConfigSpec as protobuf
2026/02/18 17:03:25 [DEBUG] - common: receiving ConfigSpec as protobuf
2026/02/18 17:03:25 [INFO] Starting external plugin /opt/homebrew/bin/<sensitive> execute --protobuf <sensitive>-provisioner-file
2026/02/18 17:03:25 Starting plugin: /opt/homebrew/bin/<sensitive> []string{"/opt/homebrew/bin/<sensitive>", "execute", "--protobuf", "<sensitive>-provisioner-file"}
2026/02/18 17:03:25 Waiting for RPC address for: /opt/homebrew/bin/<sensitive>
2026/02/18 17:03:25 <sensitive>-provisioner-file plugin: [INFO] Packer version: 1.15.0 [go1.24.12 darwin arm64]
2026/02/18 17:03:25 <sensitive>-provisioner-file plugin: [INFO] PACKER_CONFIG env var not set; checking the default config file path
2026/02/18 17:03:25 <sensitive>-provisioner-file plugin: [INFO] PACKER_CONFIG env var set; attempting to open config file: /Users/james/.<sensitive>config
2026/02/18 17:03:25 <sensitive>-provisioner-file plugin: [WARN] Config file doesn't exist: /Users/james/.<sensitive>config
2026/02/18 17:03:25 <sensitive>-provisioner-file plugin: [INFO] Setting cache directory: /Users/james/.cache/<sensitive>
2026/02/18 17:03:25 <sensitive>-provisioner-file plugin: Plugin address: unix /var/folders/sn/bk_y719j3r37w7pjcdcrw4rm0000gn/T/<sensitive>-plugin2124868118
2026/02/18 17:03:25 <sensitive>-provisioner-file plugin: Waiting for connection...
2026/02/18 17:03:25 Received unix RPC address for /opt/homebrew/bin/<sensitive>: addr is /var/folders/sn/bk_y719j3r37w7pjcdcrw4rm0000gn/T/<sensitive>-plugin2124868118
2026/02/18 17:03:25 <sensitive>-provisioner-file plugin: Serving a plugin connection...
2026/02/18 17:03:25 <sensitive>-provisioner-file plugin: [DEBUG] - common: sending ConfigSpec as protobuf
2026/02/18 17:03:25 [DEBUG] - common: receiving ConfigSpec as protobuf
2026/02/18 17:03:25 <sensitive>-provisioner-file plugin: [DEBUG] - common: sending ConfigSpec as protobuf
2026/02/18 17:03:25 [DEBUG] - common: receiving ConfigSpec as protobuf
2026/02/18 17:03:25 [INFO] Starting external plugin /opt/homebrew/bin/<sensitive> execute --protobuf <sensitive>-provisioner-shell
2026/02/18 17:03:25 Starting plugin: /opt/homebrew/bin/<sensitive> []string{"/opt/homebrew/bin/<sensitive>", "execute", "--protobuf", "<sensitive>-provisioner-shell"}
2026/02/18 17:03:25 Waiting for RPC address for: /opt/homebrew/bin/<sensitive>
2026/02/18 17:03:25 <sensitive>-provisioner-shell plugin: [INFO] Packer version: 1.15.0 [go1.24.12 darwin arm64]
2026/02/18 17:03:25 <sensitive>-provisioner-shell plugin: [INFO] PACKER_CONFIG env var not set; checking the default config file path
2026/02/18 17:03:25 <sensitive>-provisioner-shell plugin: [INFO] PACKER_CONFIG env var set; attempting to open config file: /Users/james/.<sensitive>config
2026/02/18 17:03:25 <sensitive>-provisioner-shell plugin: [WARN] Config file doesn't exist: /Users/james/.<sensitive>config
2026/02/18 17:03:25 <sensitive>-provisioner-shell plugin: [INFO] Setting cache directory: /Users/james/.cache/<sensitive>
2026/02/18 17:03:25 <sensitive>-provisioner-shell plugin: Plugin address: unix /var/folders/sn/bk_y719j3r37w7pjcdcrw4rm0000gn/T/<sensitive>-plugin307899502
2026/02/18 17:03:25 Received unix RPC address for /opt/homebrew/bin/<sensitive>: addr is /var/folders/sn/bk_y719j3r37w7pjcdcrw4rm0000gn/T/<sensitive>-plugin307899502
2026/02/18 17:03:25 <sensitive>-provisioner-shell plugin: Waiting for connection...
2026/02/18 17:03:25 <sensitive>-provisioner-shell plugin: Serving a plugin connection...
2026/02/18 17:03:25 <sensitive>-provisioner-shell plugin: [DEBUG] - common: sending ConfigSpec as protobuf
2026/02/18 17:03:25 [DEBUG] - common: receiving ConfigSpec as protobuf
2026/02/18 17:03:25 <sensitive>-provisioner-shell plugin: [DEBUG] - common: sending ConfigSpec as protobuf
2026/02/18 17:03:25 [DEBUG] - common: receiving ConfigSpec as protobuf

  on <sensitive>/proxmox-gpu/gpu-k8s.pkr.hcl line 142:
  (source code not available)

2026/02/18 17:03:25 Build debug mode: false
2026/02/18 17:03:25 Force build: false
2026/02/18 17:03:25 On error: 
2026/02/18 17:03:25 Waiting on builds to complete...
2026/02/18 17:03:25 Starting build run: proxmox-iso.gpu-k8s
2026/02/18 17:03:25 Running builder: proxmox-iso
2026/02/18 17:03:25 [INFO] (telemetry) Starting builder proxmox-iso.gpu-k8s
Warning: 'iso_file' is deprecated and will be removed in a future release, define the boot iso options in a 'boot_iso' block

  on <sensitive>/proxmox-gpu/gpu-k8s.pkr.hcl line 142:
  (source code not available)


[1;32mproxmox-iso.gpu-k8s: output will be in this color.[0m

2026/02/18 17:03:25 <sensitive>-plugin-proxmox_v1.2.3_x5.0_darwin_arm64 plugin: 2026/02/18 17:03:25 using token auth
2026/02/18 17:03:25 <sensitive>-plugin-proxmox_v1.2.3_x5.0_darwin_arm64 plugin: 2026/02/18 17:03:25 No CD files specified. CD disk will not be made.
2026/02/18 17:03:25 <sensitive>-plugin-proxmox_v1.2.3_x5.0_darwin_arm64 plugin: 2026/02/18 17:03:25 No URLs were provided to Step Download. Continuing...
2026/02/18 17:03:25 <sensitive>-plugin-proxmox_v1.2.3_x5.0_darwin_arm64 plugin: 2026/02/18 17:03:25 Mapping static assigned ISO to ide2
2026/02/18 17:03:25 <sensitive>-plugin-proxmox_v1.2.3_x5.0_darwin_arm64 plugin: 2026/02/18 17:03:25 Mapping Disk to scsi0
[1;32m==> proxmox-iso.gpu-k8s: Creating VM[0m
[1;32m==> proxmox-iso.gpu-k8s: Starting VM[0m
2026/02/18 17:03:29 <sensitive>-plugin-proxmox_v1.2.3_x5.0_darwin_arm64 plugin: 2026/02/18 17:03:29 Found available port: 8079 on IP: 0.0.0.0
[1;32m==> proxmox-iso.gpu-k8s: Starting HTTP server on port 8079[0m
[1;32m==> proxmox-iso.gpu-k8s: Waiting 5s for boot[0m
[1;32m==> proxmox-iso.gpu-k8s: Typing the boot command[0m
2026/02/18 17:03:34 <sensitive>-plugin-proxmox_v1.2.3_x5.0_darwin_arm64 plugin: 2026/02/18 17:03:34 [INFO] Waiting 1s
2026/02/18 17:03:35 <sensitive>-plugin-proxmox_v1.2.3_x5.0_darwin_arm64 plugin: 2026/02/18 17:03:35 [INFO] Waiting 1s
2026/02/18 17:03:38 <sensitive>-plugin-proxmox_v1.2.3_x5.0_darwin_arm64 plugin: 2026/02/18 17:03:38 [INFO] Waiting 1s
[1;32m==> proxmox-iso.gpu-k8s: Waiting for SSH to become available...[0m
2026/02/18 17:03:42 <sensitive>-plugin-proxmox_v1.2.3_x5.0_darwin_arm64 plugin: 2026/02/18 17:03:42 [DEBUG] Unable to get address during connection step: 500 QEMU guest agent is not running
2026/02/18 17:03:42 <sensitive>-plugin-proxmox_v1.2.3_x5.0_darwin_arm64 plugin: 2026/02/18 17:03:42 [INFO] Waiting for SSH, up to timeout: 45m0s
2026/02/18 17:03:45 <sensitive>-plugin-proxmox_v1.2.3_x5.0_darwin_arm64 plugin: 2026/02/18 17:03:45 [DEBUG] Error getting SSH address: 500 QEMU guest agent is not running
2026/02/18 17:03:53 <sensitive>-plugin-proxmox_v1.2.3_x5.0_darwin_arm64 plugin: 2026/02/18 17:03:53 [DEBUG] Error getting SSH address: 500 QEMU guest agent is not running
2026/02/18 17:04:01 <sensitive>-plugin-proxmox_v1.2.3_x5.0_darwin_arm64 plugin: 2026/02/18 17:04:01 [DEBUG] Error getting SSH address: 500 QEMU guest agent is not running
2026/02/18 17:04:09 <sensitive>-plugin-proxmox_v1.2.3_x5.0_darwin_arm64 plugin: 2026/02/18 17:04:09 [DEBUG] Error getting SSH address: 500 QEMU guest agent is not running
2026/02/18 17:04:17 <sensitive>-plugin-proxmox_v1.2.3_x5.0_darwin_arm64 plugin: 2026/02/18 17:04:17 [DEBUG] Error getting SSH address: 500 QEMU guest agent is not running
2026/02/18 17:04:25 <sensitive>-plugin-proxmox_v1.2.3_x5.0_darwin_arm64 plugin: 2026/02/18 17:04:25 [DEBUG] Error getting SSH address: 500 QEMU guest agent is not running
2026/02/18 17:04:33 <sensitive>-plugin-proxmox_v1.2.3_x5.0_darwin_arm64 plugin: 2026/02/18 17:04:33 [DEBUG] Error getting SSH address: 500 QEMU guest agent is not running
2026/02/18 17:04:42 <sensitive>-plugin-proxmox_v1.2.3_x5.0_darwin_arm64 plugin: 2026/02/18 17:04:42 [DEBUG] Error getting SSH address: 500 QEMU guest agent is not running
2026/02/18 17:04:50 <sensitive>-plugin-proxmox_v1.2.3_x5.0_darwin_arm64 plugin: 2026/02/18 17:04:50 [DEBUG] Error getting SSH address: 500 QEMU guest agent is not running
2026/02/18 17:04:58 <sensitive>-plugin-proxmox_v1.2.3_x5.0_darwin_arm64 plugin: 2026/02/18 17:04:58 [DEBUG] Error getting SSH address: 500 QEMU guest agent is not running
2026/02/18 17:05:06 <sensitive>-plugin-proxmox_v1.2.3_x5.0_darwin_arm64 plugin: 2026/02/18 17:05:06 [DEBUG] Error getting SSH address: 500 QEMU guest agent is not running
2026/02/18 17:05:14 <sensitive>-plugin-proxmox_v1.2.3_x5.0_darwin_arm64 plugin: 2026/02/18 17:05:14 [DEBUG] Error getting SSH address: 500 QEMU guest agent is not running
2026/02/18 17:05:22 <sensitive>-plugin-proxmox_v1.2.3_x5.0_darwin_arm64 plugin: 2026/02/18 17:05:22 [DEBUG] Error getting SSH address: 500 QEMU guest agent is not running
2026/02/18 17:05:30 <sensitive>-plugin-proxmox_v1.2.3_x5.0_darwin_arm64 plugin: 2026/02/18 17:05:30 [DEBUG] Error getting SSH address: 500 QEMU guest agent is not running
2026/02/18 17:05:38 <sensitive>-plugin-proxmox_v1.2.3_x5.0_darwin_arm64 plugin: 2026/02/18 17:05:38 [DEBUG] Error getting SSH address: 500 QEMU guest agent is not running
2026/02/18 17:05:46 <sensitive>-plugin-proxmox_v1.2.3_x5.0_darwin_arm64 plugin: 2026/02/18 17:05:46 [DEBUG] Error getting SSH address: 500 QEMU guest agent is not running
2026/02/18 17:05:54 <sensitive>-plugin-proxmox_v1.2.3_x5.0_darwin_arm64 plugin: 2026/02/18 17:05:54 [DEBUG] Error getting SSH address: 500 QEMU guest agent is not running
2026/02/18 17:06:02 <sensitive>-plugin-proxmox_v1.2.3_x5.0_darwin_arm64 plugin: 2026/02/18 17:06:02 [DEBUG] Error getting SSH address: 500 QEMU guest agent is not running
2026/02/18 17:06:10 <sensitive>-plugin-proxmox_v1.2.3_x5.0_darwin_arm64 plugin: 2026/02/18 17:06:10 [DEBUG] Error getting SSH address: 500 QEMU guest agent is not running
2026/02/18 17:06:18 <sensitive>-plugin-proxmox_v1.2.3_x5.0_darwin_arm64 plugin: 2026/02/18 17:06:18 [DEBUG] Error getting SSH address: 500 QEMU guest agent is not running
2026/02/18 17:06:26 <sensitive>-plugin-proxmox_v1.2.3_x5.0_darwin_arm64 plugin: 2026/02/18 17:06:26 [DEBUG] Error getting SSH address: 500 QEMU guest agent is not running
2026/02/18 17:06:34 <sensitive>-plugin-proxmox_v1.2.3_x5.0_darwin_arm64 plugin: 2026/02/18 17:06:34 [DEBUG] Error getting SSH address: 500 QEMU guest agent is not running
2026/02/18 17:06:42 <sensitive>-plugin-proxmox_v1.2.3_x5.0_darwin_arm64 plugin: 2026/02/18 17:06:42 [DEBUG] Error getting SSH address: 500 QEMU guest agent is not running
2026/02/18 17:06:50 <sensitive>-plugin-proxmox_v1.2.3_x5.0_darwin_arm64 plugin: 2026/02/18 17:06:50 [DEBUG] Error getting SSH address: 500 QEMU guest agent is not running
2026/02/18 17:06:58 <sensitive>-plugin-proxmox_v1.2.3_x5.0_darwin_arm64 plugin: 2026/02/18 17:06:58 [DEBUG] Error getting SSH address: 500 QEMU guest agent is not running
2026/02/18 17:07:06 <sensitive>-plugin-proxmox_v1.2.3_x5.0_darwin_arm64 plugin: 2026/02/18 17:07:06 [DEBUG] Error getting SSH address: 500 QEMU guest agent is not running
2026/02/18 17:07:14 <sensitive>-plugin-proxmox_v1.2.3_x5.0_darwin_arm64 plugin: 2026/02/18 17:07:14 [DEBUG] Error getting SSH address: 500 QEMU guest agent is not running
2026/02/18 17:07:22 <sensitive>-plugin-proxmox_v1.2.3_x5.0_darwin_arm64 plugin: 2026/02/18 17:07:22 [DEBUG] Error getting SSH address: 500 QEMU guest agent is not running
2026/02/18 17:07:30 <sensitive>-plugin-proxmox_v1.2.3_x5.0_darwin_arm64 plugin: 2026/02/18 17:07:30 [DEBUG] Error getting SSH address: 500 QEMU guest agent is not running
2026/02/18 17:07:38 <sensitive>-plugin-proxmox_v1.2.3_x5.0_darwin_arm64 plugin: 2026/02/18 17:07:38 [DEBUG] Error getting SSH address: 500 QEMU guest agent is not running
2026/02/18 17:07:46 <sensitive>-plugin-proxmox_v1.2.3_x5.0_darwin_arm64 plugin: 2026/02/18 17:07:46 [DEBUG] Error getting SSH address: 500 QEMU guest agent is not running
2026/02/18 17:07:54 <sensitive>-plugin-proxmox_v1.2.3_x5.0_darwin_arm64 plugin: 2026/02/18 17:07:54 [DEBUG] Error getting SSH address: 500 QEMU guest agent is not running
2026/02/18 17:08:02 <sensitive>-plugin-proxmox_v1.2.3_x5.0_darwin_arm64 plugin: 2026/02/18 17:08:02 [DEBUG] Error getting SSH address: 500 QEMU guest agent is not running
2026/02/18 17:08:10 <sensitive>-plugin-proxmox_v1.2.3_x5.0_darwin_arm64 plugin: 2026/02/18 17:08:10 [DEBUG] Error getting SSH address: 500 QEMU guest agent is not running
2026/02/18 17:08:18 <sensitive>-plugin-proxmox_v1.2.3_x5.0_darwin_arm64 plugin: 2026/02/18 17:08:18 [DEBUG] Error getting SSH address: 500 QEMU guest agent is not running
2026/02/18 17:08:26 <sensitive>-plugin-proxmox_v1.2.3_x5.0_darwin_arm64 plugin: 2026/02/18 17:08:26 [DEBUG] Error getting SSH address: 500 QEMU guest agent is not running
2026/02/18 17:08:34 <sensitive>-plugin-proxmox_v1.2.3_x5.0_darwin_arm64 plugin: 2026/02/18 17:08:34 [DEBUG] Error getting SSH address: 500 QEMU guest agent is not running
2026/02/18 17:08:42 <sensitive>-plugin-proxmox_v1.2.3_x5.0_darwin_arm64 plugin: 2026/02/18 17:08:42 [DEBUG] Error getting SSH address: 500 QEMU guest agent is not running
2026/02/18 17:08:50 <sensitive>-plugin-proxmox_v1.2.3_x5.0_darwin_arm64 plugin: 2026/02/18 17:08:50 [DEBUG] Error getting SSH address: 500 QEMU guest agent is not running
2026/02/18 17:08:58 <sensitive>-plugin-proxmox_v1.2.3_x5.0_darwin_arm64 plugin: 2026/02/18 17:08:58 [DEBUG] Error getting SSH address: 500 QEMU guest agent is not running
2026/02/18 17:09:07 <sensitive>-plugin-proxmox_v1.2.3_x5.0_darwin_arm64 plugin: 2026/02/18 17:09:07 [DEBUG] Error getting SSH address: 500 QEMU guest agent is not running
2026/02/18 17:09:15 <sensitive>-plugin-proxmox_v1.2.3_x5.0_darwin_arm64 plugin: 2026/02/18 17:09:15 [DEBUG] Error getting SSH address: 500 QEMU guest agent is not running
2026/02/18 17:09:23 <sensitive>-plugin-proxmox_v1.2.3_x5.0_darwin_arm64 plugin: 2026/02/18 17:09:23 [DEBUG] Error getting SSH address: 500 QEMU guest agent is not running
2026/02/18 17:09:31 <sensitive>-plugin-proxmox_v1.2.3_x5.0_darwin_arm64 plugin: 2026/02/18 17:09:31 [DEBUG] Error getting SSH address: 500 QEMU guest agent is not running
2026/02/18 17:09:39 <sensitive>-plugin-proxmox_v1.2.3_x5.0_darwin_arm64 plugin: 2026/02/18 17:09:39 [DEBUG] Error getting SSH address: 500 QEMU guest agent is not running
2026/02/18 17:09:47 <sensitive>-plugin-proxmox_v1.2.3_x5.0_darwin_arm64 plugin: 2026/02/18 17:09:47 [DEBUG] Error getting SSH address: 500 QEMU guest agent is not running
2026/02/18 17:09:55 <sensitive>-plugin-proxmox_v1.2.3_x5.0_darwin_arm64 plugin: 2026/02/18 17:09:55 [DEBUG] Error getting SSH address: 500 QEMU guest agent is not running
2026/02/18 17:10:03 <sensitive>-plugin-proxmox_v1.2.3_x5.0_darwin_arm64 plugin: 2026/02/18 17:10:03 [DEBUG] Error getting SSH address: 500 QEMU guest agent is not running
2026/02/18 17:10:11 <sensitive>-plugin-proxmox_v1.2.3_x5.0_darwin_arm64 plugin: 2026/02/18 17:10:11 [DEBUG] Error getting SSH address: 500 QEMU guest agent is not running
2026/02/18 17:10:19 <sensitive>-plugin-proxmox_v1.2.3_x5.0_darwin_arm64 plugin: 2026/02/18 17:10:19 [DEBUG] Error getting SSH address: 500 QEMU guest agent is not running
2026/02/18 17:10:27 <sensitive>-plugin-proxmox_v1.2.3_x5.0_darwin_arm64 plugin: 2026/02/18 17:10:27 [DEBUG] Error getting SSH address: 500 QEMU guest agent is not running
2026/02/18 17:10:35 <sensitive>-plugin-proxmox_v1.2.3_x5.0_darwin_arm64 plugin: 2026/02/18 17:10:35 [DEBUG] Error getting SSH address: 500 QEMU guest agent is not running
2026/02/18 17:10:40 <sensitive>-plugin-proxmox_v1.2.3_x5.0_darwin_arm64 plugin: 2026/02/18 17:10:40 [INFO] Attempting SSH connection to 10.2.0.123:22...
2026/02/18 17:10:40 <sensitive>-plugin-proxmox_v1.2.3_x5.0_darwin_arm64 plugin: 2026/02/18 17:10:40 [DEBUG] reconnecting to TCP connection for SSH
2026/02/18 17:10:40 <sensitive>-plugin-proxmox_v1.2.3_x5.0_darwin_arm64 plugin: 2026/02/18 17:10:40 [DEBUG] handshaking with SSH
2026/02/18 17:10:40 <sensitive>-plugin-proxmox_v1.2.3_x5.0_darwin_arm64 plugin: 2026/02/18 17:10:40 [DEBUG] handshake complete!
2026/02/18 17:10:40 <sensitive>-plugin-proxmox_v1.2.3_x5.0_darwin_arm64 plugin: 2026/02/18 17:10:40 [DEBUG] Opening new ssh session
2026/02/18 17:10:41 <sensitive>-plugin-proxmox_v1.2.3_x5.0_darwin_arm64 plugin: 2026/02/18 17:10:41 [INFO] agent forwarding enabled
[1;32m==> proxmox-iso.gpu-k8s: Connected to SSH![0m
2026/02/18 17:10:41 <sensitive>-plugin-proxmox_v1.2.3_x5.0_darwin_arm64 plugin: 2026/02/18 17:10:41 Running the provision hook
2026/02/18 17:10:41 [INFO] (telemetry) Starting provisioner file
2026/02/18 17:10:41 <sensitive>-provisioner-file plugin: [DEBUG] - common: sending ConfigSpec as protobuf
2026/02/18 17:10:41 [DEBUG] - common: receiving ConfigSpec as protobuf
[1;32m==> proxmox-iso.gpu-k8s: Uploading <sensitive>/proxmox-gpu//../scripts/provision-k8s-node.sh => /tmp/provision-k8s-node.sh[0m
2026/02/18 17:10:41 <sensitive>-plugin-proxmox_v1.2.3_x5.0_darwin_arm64 plugin: 2026/02/18 17:10:41 [DEBUG] Opening new ssh session
2026/02/18 17:10:41 <sensitive>-provisioner-file plugin: [INFO] 12015 bytes written for 'uploadData'
2026/02/18 17:10:41 [INFO] 12015 bytes written for 'uploadData'
2026/02/18 17:10:41 <sensitive>-plugin-proxmox_v1.2.3_x5.0_darwin_arm64 plugin: 2026/02/18 17:10:41 [DEBUG] Starting remote scp process:  scp -vt /tmp
2026/02/18 17:10:41 <sensitive>-plugin-proxmox_v1.2.3_x5.0_darwin_arm64 plugin: 2026/02/18 17:10:41 [DEBUG] Started SCP session, beginning transfers...
2026/02/18 17:10:41 <sensitive>-plugin-proxmox_v1.2.3_x5.0_darwin_arm64 plugin: 2026/02/18 17:10:41 [DEBUG] scp: Uploading provision-k8s-node.sh: perms=C0755 size=12015
2026/02/18 17:10:41 <sensitive>-plugin-proxmox_v1.2.3_x5.0_darwin_arm64 plugin: 2026/02/18 17:10:41 [DEBUG] SCP session complete, closing stdin pipe.
2026/02/18 17:10:41 <sensitive>-plugin-proxmox_v1.2.3_x5.0_darwin_arm64 plugin: 2026/02/18 17:10:41 [DEBUG] Waiting for SSH session to complete.
2026/02/18 17:10:41 <sensitive>-plugin-proxmox_v1.2.3_x5.0_darwin_arm64 plugin: 2026/02/18 17:10:41 [DEBUG] scp stderr (length 79): Sink: C0755 12015 provision-k8s-node.sh
2026/02/18 17:10:41 <sensitive>-plugin-proxmox_v1.2.3_x5.0_darwin_arm64 plugin: scp: debug1: fd 0 clearing O_NONBLOCK
2026/02/18 17:10:41 <sensitive>-provisioner-file plugin: closing
2026/02/18 17:10:41 closing
2026/02/18 17:10:41 <sensitive>-plugin-proxmox_v1.2.3_x5.0_darwin_arm64 plugin: 2026/02/18 17:10:41 closing
[0;32m    proxmox-iso.gpu-k8s: provision-k8s-node.sh[0m 11.73 KiB / 11.73 KiB  100.00% 0s
[1A[0;32m    proxmox-iso.gpu-k8s: provision-k8s-node.sh[0m 11.73 KiB / 11.73 KiB  100.00% 0s
2026/02/18 17:10:41 [INFO] (telemetry) ending file
2026/02/18 17:10:41 [INFO] (telemetry) Starting provisioner shell
2026/02/18 17:10:41 <sensitive>-provisioner-shell plugin: [DEBUG] - common: sending ConfigSpec as protobuf
2026/02/18 17:10:41 [DEBUG] - common: receiving ConfigSpec as protobuf
[1;32m==> proxmox-iso.gpu-k8s: Provisioning with shell script: /var/folders/sn/bk_y719j3r37w7pjcdcrw4rm0000gn/T/<sensitive>-shell1117581055[0m
2026/02/18 17:10:41 <sensitive>-provisioner-shell plugin: Opening /var/folders/sn/bk_y719j3r37w7pjcdcrw4rm0000gn/T/<sensitive>-shell1117581055 for reading
2026/02/18 17:10:41 <sensitive>-provisioner-shell plugin: [INFO] 136 bytes written for 'uploadData'
2026/02/18 17:10:41 [INFO] 136 bytes written for 'uploadData'
2026/02/18 17:10:41 <sensitive>-plugin-proxmox_v1.2.3_x5.0_darwin_arm64 plugin: 2026/02/18 17:10:41 [DEBUG] Opening new ssh session
2026/02/18 17:10:41 <sensitive>-plugin-proxmox_v1.2.3_x5.0_darwin_arm64 plugin: 2026/02/18 17:10:41 [DEBUG] Starting remote scp process:  scp -vt /tmp
2026/02/18 17:10:41 <sensitive>-plugin-proxmox_v1.2.3_x5.0_darwin_arm64 plugin: 2026/02/18 17:10:41 [DEBUG] Started SCP session, beginning transfers...
2026/02/18 17:10:41 <sensitive>-plugin-proxmox_v1.2.3_x5.0_darwin_arm64 plugin: 2026/02/18 17:10:41 [DEBUG] Copying input data into temporary file so we can read the length
2026/02/18 17:10:41 <sensitive>-plugin-proxmox_v1.2.3_x5.0_darwin_arm64 plugin: 2026/02/18 17:10:41 [DEBUG] scp: Uploading script_3497.sh: perms=C0644 size=136
2026/02/18 17:10:41 <sensitive>-plugin-proxmox_v1.2.3_x5.0_darwin_arm64 plugin: 2026/02/18 17:10:41 [DEBUG] SCP session complete, closing stdin pipe.
2026/02/18 17:10:41 <sensitive>-plugin-proxmox_v1.2.3_x5.0_darwin_arm64 plugin: 2026/02/18 17:10:41 [DEBUG] Waiting for SSH session to complete.
2026/02/18 17:10:41 <sensitive>-plugin-proxmox_v1.2.3_x5.0_darwin_arm64 plugin: 2026/02/18 17:10:41 [DEBUG] scp stderr (length 70): Sink: C0644 136 script_3497.sh
2026/02/18 17:10:41 <sensitive>-plugin-proxmox_v1.2.3_x5.0_darwin_arm64 plugin: scp: debug1: fd 0 clearing O_NONBLOCK
2026/02/18 17:10:41 <sensitive>-plugin-proxmox_v1.2.3_x5.0_darwin_arm64 plugin: 2026/02/18 17:10:41 [DEBUG] Opening new ssh session
2026/02/18 17:10:41 <sensitive>-plugin-proxmox_v1.2.3_x5.0_darwin_arm64 plugin: 2026/02/18 17:10:41 [DEBUG] starting remote command: chmod 0755 /tmp/script_3497.sh
2026/02/18 17:10:41 <sensitive>-plugin-proxmox_v1.2.3_x5.0_darwin_arm64 plugin: 2026/02/18 17:10:41 [INFO] RPC endpoint: Communicator ended with: 0
2026/02/18 17:10:41 [INFO] RPC client: Communicator ended with: 0
2026/02/18 17:10:41 [INFO] RPC endpoint: Communicator ended with: 0
2026/02/18 17:10:41 <sensitive>-provisioner-shell plugin: [INFO] RPC client: Communicator ended with: 0
2026/02/18 17:10:41 <sensitive>-plugin-proxmox_v1.2.3_x5.0_darwin_arm64 plugin: 2026/02/18 17:10:41 [DEBUG] Opening new ssh session
2026/02/18 17:10:41 <sensitive>-plugin-proxmox_v1.2.3_x5.0_darwin_arm64 plugin: 2026/02/18 17:10:41 [DEBUG] starting remote command: chmod +x /tmp/script_3497.sh; PACKER_BUILDER_TYPE='proxmox-iso' PACKER_BUILD_NAME='gpu-k8s' PACKER_HTTP_ADDR='10.2.0.173:8079' PACKER_HTTP_IP='10.2.0.173' PACKER_HTTP_PORT='8079'  /tmp/script_3497.sh
2026/02/18 17:10:41 <sensitive>-plugin-proxmox_v1.2.3_x5.0_darwin_arm64 plugin: 2026/02/18 17:10:41 [ERROR] Remote command exited with '1': chmod +x /tmp/script_3497.sh; PACKER_BUILDER_TYPE='proxmox-iso' PACKER_BUILD_NAME='gpu-k8s' PACKER_HTTP_ADDR='10.2.0.173:8079' PACKER_HTTP_IP='10.2.0.173' PACKER_HTTP_PORT='8079'  /tmp/script_3497.sh
2026/02/18 17:10:41 <sensitive>-plugin-proxmox_v1.2.3_x5.0_darwin_arm64 plugin: 2026/02/18 17:10:41 [INFO] RPC endpoint: Communicator ended with: 1
2026/02/18 17:10:41 [INFO] 0 bytes written for 'stdout'
2026/02/18 17:10:41 [INFO] 133 bytes written for 'stderr'
2026/02/18 17:10:41 [INFO] RPC client: Communicator ended with: 1
2026/02/18 17:10:41 [INFO] RPC endpoint: Communicator ended with: 1
2026/02/18 17:10:41 <sensitive>-provisioner-shell plugin: [INFO] 0 bytes written for 'stdout'
2026/02/18 17:10:41 <sensitive>-provisioner-shell plugin: [INFO] 133 bytes written for 'stderr'
2026/02/18 17:10:41 <sensitive>-provisioner-shell plugin: [INFO] RPC client: Communicator ended with: 1
[1;31m==> proxmox-iso.gpu-k8s: sudo: Authentication failed, try again.[0m
[1;31m==> proxmox-iso.gpu-k8s: sudo: Authentication failed, try again.[0m
[1;31m==> proxmox-iso.gpu-k8s: sudo-rs: Maximum 3 incorrect authentication attempts[0m
2026/02/18 17:10:41 [INFO] (telemetry) ending shell
[1;32m==> proxmox-iso.gpu-k8s: Provisioning step had errors: Running the cleanup provisioner, if present...[0m
[1;32m==> proxmox-iso.gpu-k8s: Stopping VM[0m
[1;32m==> proxmox-iso.gpu-k8s: Deleting VM[0m
2026/02/18 17:10:45 [INFO] (telemetry) ending proxmox-iso.gpu-k8s
==> Wait completed after 7 minutes 20 seconds
2026/02/18 17:10:45 machine readable: error-count []string{"1"}
==> Some builds didn't complete successfully and had errors:
2026/02/18 17:10:45 machine readable: proxmox-iso.gpu-k8s,error []string{"Script exited with non-zero exit status: 1. Allowed exit codes are: [0]"}
==> Builds finished but no artifacts were created.
[1;31mBuild 'proxmox-iso.gpu-k8s' errored after 7 minutes 20 seconds: Script exited with non-zero exit status: 1. Allowed exit codes are: [0][0m

2026/02/18 17:10:45 [INFO] (telemetry) Finalizing.
==> Wait completed after 7 minutes 20 seconds

==> Some builds didn't complete successfully and had errors:
--> proxmox-iso.gpu-k8s: Script exited with non-zero exit status: 1. Allowed exit codes are: [0]

==> Builds finished but no artifacts were created.
2026/02/18 17:10:46 waiting for all plugin processes to complete...
2026/02/18 17:10:46 /opt/homebrew/bin/<sensitive>: plugin process exited
2026/02/18 17:10:46 /Users/james/.config/<sensitive>/plugins/github.com/hashicorp/proxmox/<sensitive>-plugin-proxmox_v1.2.3_x5.0_darwin_arm64: plugin process exited
2026/02/18 17:10:46 /opt/homebrew/bin/<sensitive>: plugin process exited
2026/02/18 17:10:46 /opt/homebrew/bin/<sensitive>: plugin process exited
2026/02/18 17:10:46 /opt/homebrew/bin/<sensitive>: plugin process exited
